[Licensing::Module] Trying to connect to existing licensing client channel...
Built from '6000.0/staging' branch; Version is '6000.0.76f1 (6f7f9e1c9e8a) revision 7307166'; Using compiler version '193933523'; Build Type 'Release'
OS: 'Windows 11  (10.0.22631) Professional' Language: 'zh' Physical Memory: 32577 MB
[Licensing::IpcConnector] Successfully connected to: "LicenseClient-Administrator" at "2026-05-28T07:56:01.2302236Z"
BatchMode: 1, IsHumanControllingUs: 0, StartBugReporterOnCrash: 0, Is64bit: 1
System  architecture: x64
Process architecture: x64
Date: 2026-05-28T07:56:01Z

COMMAND LINE ARGUMENTS:
C:\Program Files\Unity\Hub\Editor\6000.0.76f1\Editor\Unity.exe
-projectPath
E:\IronCrown
-batchmode
-nographics
-logFile
E:\IronCrown\unity-clean.log
-quit
Successfully changed project path to: E:\IronCrown
E:/IronCrown
[UnityMemory] Configuration Parameters - Can be set up in boot.config
    "memorysetup-bucket-allocator-granularity=16"
    "memorysetup-bucket-allocator-bucket-count=8"
    "memorysetup-bucket-allocator-block-size=33554432"
    "memorysetup-bucket-allocator-block-count=8"
    "memorysetup-main-allocator-block-size=16777216"
    "memorysetup-thread-allocator-block-size=16777216"
    "memorysetup-gfx-main-allocator-block-size=16777216"
    "memorysetup-gfx-thread-allocator-block-size=16777216"
    "memorysetup-cache-allocator-block-size=4194304"
    "memorysetup-typetree-allocator-block-size=2097152"
    "memorysetup-profiler-bucket-allocator-granularity=16"
    "memorysetup-profiler-bucket-allocator-bucket-count=8"
    "memorysetup-profiler-bucket-allocator-block-size=33554432"
    "memorysetup-profiler-bucket-allocator-block-count=8"
    "memorysetup-profiler-allocator-block-size=16777216"
    "memorysetup-profiler-editor-allocator-block-size=1048576"
    "memorysetup-temp-allocator-size-main=16777216"
    "memorysetup-job-temp-allocator-block-size=2097152"
    "memorysetup-job-temp-allocator-block-size-background=1048576"
    "memorysetup-job-temp-allocator-reduction-small-platforms=262144"
    "memorysetup-allocator-temp-initial-block-size-main=262144"
    "memorysetup-allocator-temp-initial-block-size-worker=262144"
    "memorysetup-temp-allocator-size-background-worker=32768"
    "memorysetup-temp-allocator-size-job-worker=262144"
    "memorysetup-temp-allocator-size-preload-manager=33554432"
    "memorysetup-temp-allocator-size-nav-mesh-worker=65536"
    "memorysetup-temp-allocator-size-audio-worker=65536"
    "memorysetup-temp-allocator-size-cloud-worker=32768"
    "memorysetup-temp-allocator-size-gi-baking-worker=262144"
    "memorysetup-temp-allocator-size-gi-baking-worker=262144"
    "memorysetup-temp-allocator-size-gi-baking-worker=262144"
    "memorysetup-temp-allocator-size-gi-baking-worker=262144"
    "memorysetup-temp-allocator-size-gi-baking-worker=262144"
    "memorysetup-temp-allocator-size-gfx=262144"
Player connection [32016]  Target information:

Player connection [32016]  * "[IP] 172.23.96.1 [Port] 55504 [Flags] 2 [Guid] 1813883343 [EditorId] 1813883343 [Version] 1048832 [Id] WindowsEditor(7,songtaoluo) [Debug] 1 [PackageName] WindowsEditor [ProjectName] Editor" 

Player connection [32016]  * "[IP] 192.168.1.2 [Port] 55504 [Flags] 2 [Guid] 1813883343 [EditorId] 1813883343 [Version] 1048832 [Id] WindowsEditor(7,songtaoluo) [Debug] 1 [PackageName] WindowsEditor [ProjectName] Editor" 

Player connection [32016] Host joined multi-casting on [225.0.0.222:54997]...
Player connection [32016] Host joined alternative multi-casting on [225.0.0.222:34997]...
Input System module state changed to: Initialized.
[Physics::Module] Initialized fallback backend.
[Physics::Module] Id: 0xdecafbad
[Package Manager] Connected to IPC stream "Upm-22728" after 0.2 seconds.
Library Redirect Path: Library/
Rebuilding Library because the asset database could not be found!
[Physics::Module] Selected backend.
[Physics::Module] Name: PhysX
[Physics::Module] Id: 0xf2b8ea05
[Physics::Module] SDK Version: 4.1.2
[Physics::Module] Integration Version: 1.0.0
[Physics::Module] Threading Mode: Multi-Threaded
Refreshing native plugins compatible for Editor in 0.00 ms, found 0 plugins.
Preloading 0 native plugins for Editor in 0.00 ms.
Initialize engine version: 6000.0.76f1 (6f7f9e1c9e8a)
[Subsystems] Discovering subsystems at path C:/Program Files/Unity/Hub/Editor/6000.0.76f1/Editor/Data/Resources/UnitySubsystems
[Subsystems] Discovering subsystems at path E:/IronCrown/Assets
Forcing GfxDevice: Null
GfxDevice: creating device client; kGfxThreadingModeNonThreaded
NullGfxDevice:
    Version:  NULL 1.0 [1.0]
    Renderer: Null Device
    Vendor:   Unity Technologies
Initialize mono
Mono path[0] = 'C:/Program Files/Unity/Hub/Editor/6000.0.76f1/Editor/Data/Managed'
Mono path[1] = 'C:/Program Files/Unity/Hub/Editor/6000.0.76f1/Editor/Data/MonoBleedingEdge/lib/mono/unityjit-win32'
Mono config path = 'C:/Program Files/Unity/Hub/Editor/6000.0.76f1/Editor/Data/MonoBleedingEdge/etc'
Using monoOptions --debugger-agent=transport=dt_socket,embedding=1,server=y,suspend=n,address=127.0.0.1:56728
Using cacheserver namespaces - metadata:defaultmetadata, artifacts:defaultartifacts
Using cacheserver namespaces - metadata:defaultmetadata, artifacts:defaultartifacts
ImportWorker Server TCP listen port: 0
AcceleratorClientConnectionCallback - disconnected - :0
Begin MonoManager ReloadAssembly
Registering precompiled unity dll's ...
Register platform support module: C:/Program Files/Unity/Hub/Editor/6000.0.76f1/Editor/Data/PlaybackEngines/WindowsStandaloneSupport/UnityEditor.WindowsStandalone.Extensions.dll
Registered in 0.001977 seconds.
[Licensing::Client] Handshaking with LicensingClient:
  Version:                 1.17.4+4293ba1
  Session Id:              ccdc6b5195024fe5bc9608f2a7b04100
  Correlation Id:          01477d71a0e21d204e24dc5e8788d38c
  External correlation Id: 3104419994902885638
  Machine Id:              OCVYmtVU35qd3bRZiXPt3oRM4Cw=
[Licensing::Module] Successfully connected to LicensingClient on channel: "LicenseClient-Administrator" (connect: 0.00s, validation: 0.00s, handshake: 0.62s)
[Licensing::IpcConnector] Successfully connected to: "LicenseClient-Administrator-notifications" at "2026-05-28T07:56:01.8519327Z"
[Licensing::Module] Error: Access token is unavailable; failed to update
[Licensing::Client] Successfully resolved entitlement details
[Licensing::Module] License group:
  Id: ewogICJzdWJzR3JvdXAiIDogInVuaXR5IGVkaXRvciIsCiAgIm5hbWVzcGFjZSIgOiAidW5pdHlfZWRpdG9yIiwKICAidHlwZSIgOiAiRURJVE9SIiwKICAidGFnIiA6ICJVbml0eVBlcnNvbmFsXXXX
  Product: Unity Personal Version
  Type: Assigned
  Expiration: Unlimited
[Licensing::Client] Successfully updated license, isAsync: True, time: 0.00
[Licensing::Client] Successfully resolved entitlement details
[Licensing::Module] Licensing Background thread has ended after 0.63s
- Loaded All Assemblies, in  0.246 seconds
Native extension for WindowsStandalone target not found
Package Manager log level set to [2]
Mono: successfully reloaded assembly
- Finished resetting the current domain, in  0.207 seconds
Domain Reload Profiling: 452ms
	BeginReloadAssembly (85ms)
		ExecutionOrderSort (0ms)
		DisableScriptedObjects (0ms)
		BackupInstance (0ms)
		ReleaseScriptingObjects (0ms)
		CreateAndSetChildDomain (0ms)
	RebuildCommonClasses (24ms)
	RebuildNativeTypeToScriptingClass (8ms)
	initialDomainReloadingComplete (30ms)
	LoadAllAssembliesAndSetupDomain (97ms)
		LoadAssemblies (84ms)
		RebuildTransferFunctionScriptingTraits (0ms)
		AnalyzeDomain (95ms)
			TypeCache.Refresh (95ms)
				TypeCache.ScanAssembly (86ms)
			BuildScriptInfoCaches (0ms)
			ResolveRequiredComponents (0ms)
	FinalizeReload (208ms)
		ReleaseScriptCaches (0ms)
		RebuildScriptCaches (0ms)
		SetupLoadedEditorAssemblies (184ms)
			LogAssemblyErrors (0ms)
			InitializePlatformSupportModulesInManaged (13ms)
			SetLoadedEditorAssemblies (3ms)
			BeforeProcessingInitializeOnLoad (37ms)
			ProcessInitializeOnLoadAttributes (96ms)
			ProcessInitializeOnLoadMethodAttributes (35ms)
			AfterProcessingInitializeOnLoad (0ms)
			EditorAssembliesLoaded (0ms)
		ExecutionOrderSort2 (0ms)
		AwakeInstancesAfterBackupRestoration (0ms)
[Licensing::Client] Successfully resolved entitlement details
Application.AssetDatabase Initial Refresh Start
[Package Manager] Done resolving packages in 13.88 seconds
[Licensing::Client] Successfully resolved entitlement details
[Package Manager] Registered 53 packages:
  Packages from [https://package.openupm.com]:
    jp.hadashikick.vcontainer@1.16.6 (location: E:\IronCrown\Library\PackageCache\jp.hadashikick.vcontainer@bfc5fcc02036)
  Packages from [https://packages.unity.com]:
    com.unity.ads@4.16.4 (location: E:\IronCrown\Library\PackageCache\com.unity.ads@e89225828059)
    com.unity.ai.navigation@2.0.12 (location: E:\IronCrown\Library\PackageCache\com.unity.ai.navigation@734c2c4c5591)
    com.unity.analytics@3.8.1 (location: E:\IronCrown\Library\PackageCache\com.unity.analytics@6cc66d58ac08)
    com.unity.collab-proxy@2.12.4 (location: E:\IronCrown\Library\PackageCache\com.unity.collab-proxy@0b1559bcd34e)
    com.unity.ide.rider@3.0.39 (location: E:\IronCrown\Library\PackageCache\com.unity.ide.rider@4504839d03f7)
    com.unity.ide.visualstudio@2.0.27 (location: E:\IronCrown\Library\PackageCache\com.unity.ide.visualstudio@dc1ddd4f09b6)
    com.unity.nuget.newtonsoft-json@3.2.1 (location: E:\IronCrown\Library\PackageCache\com.unity.nuget.newtonsoft-json@74deb55db2a0)
    com.unity.purchasing@4.14.2 (location: E:\IronCrown\Library\PackageCache\com.unity.purchasing@039fd41c6e81)
    com.unity.timeline@1.8.12 (location: E:\IronCrown\Library\PackageCache\com.unity.timeline@8cd8509afae5)
    com.unity.xr.legacyinputhelpers@2.1.12 (location: E:\IronCrown\Library\PackageCache\com.unity.xr.legacyinputhelpers@b7579e86f3b4)
    com.unity.services.core@1.16.0 (location: E:\IronCrown\Library\PackageCache\com.unity.services.core@8ba50f624741)
    com.unity.services.analytics@6.3.0 (location: E:\IronCrown\Library\PackageCache\com.unity.services.analytics@cde4e6cf92f9)
  Built-in packages:
    com.unity.2d.sprite@1.0.0 (location: E:\IronCrown\Library\PackageCache\com.unity.2d.sprite@0eb6ea2c7181)
    com.unity.2d.tilemap@1.0.0 (location: E:\IronCrown\Library\PackageCache\com.unity.2d.tilemap@10400206a301)
    com.unity.multiplayer.center@1.0.0 (location: E:\IronCrown\Library\PackageCache\com.unity.multiplayer.center@f3fb577b3546)
    com.unity.test-framework@1.6.0 (location: E:\IronCrown\Library\PackageCache\com.unity.test-framework@082c24152fd4)
    com.unity.ugui@2.0.0 (location: E:\IronCrown\Library\PackageCache\com.unity.ugui@52420b88ab53)
    com.unity.modules.accessibility@1.0.0 (location: E:\IronCrown\Library\PackageCache\com.unity.modules.accessibility)
    com.unity.modules.ai@1.0.0 (location: E:\IronCrown\Library\PackageCache\com.unity.modules.ai)
    com.unity.modules.androidjni@1.0.0 (location: E:\IronCrown\Library\PackageCache\com.unity.modules.androidjni)
    com.unity.modules.animation@1.0.0 (location: E:\IronCrown\Library\PackageCache\com.unity.modules.animation)
    com.unity.modules.assetbundle@1.0.0 (location: E:\IronCrown\Library\PackageCache\com.unity.modules.assetbundle)
    com.unity.modules.audio@1.0.0 (location: E:\IronCrown\Library\PackageCache\com.unity.modules.audio)
    com.unity.modules.cloth@1.0.0 (location: E:\IronCrown\Library\PackageCache\com.unity.modules.cloth)
    com.unity.modules.director@1.0.0 (location: E:\IronCrown\Library\PackageCache\com.unity.modules.director)
    com.unity.modules.imageconversion@1.0.0 (location: E:\IronCrown\Library\PackageCache\com.unity.modules.imageconversion)
    com.unity.modules.imgui@1.0.0 (location: E:\IronCrown\Library\PackageCache\com.unity.modules.imgui)
    com.unity.modules.jsonserialize@1.0.0 (location: E:\IronCrown\Library\PackageCache\com.unity.modules.jsonserialize)
    com.unity.modules.particlesystem@1.0.0 (location: E:\IronCrown\Library\PackageCache\com.unity.modules.particlesystem)
    com.unity.modules.physics@1.0.0 (location: E:\IronCrown\Library\PackageCache\com.unity.modules.physics)
    com.unity.modules.physics2d@1.0.0 (location: E:\IronCrown\Library\PackageCache\com.unity.modules.physics2d)
    com.unity.modules.screencapture@1.0.0 (location: E:\IronCrown\Library\PackageCache\com.unity.modules.screencapture)
    com.unity.modules.terrain@1.0.0 (location: E:\IronCrown\Library\PackageCache\com.unity.modules.terrain)
    com.unity.modules.terrainphysics@1.0.0 (location: E:\IronCrown\Library\PackageCache\com.unity.modules.terrainphysics)
    com.unity.modules.tilemap@1.0.0 (location: E:\IronCrown\Library\PackageCache\com.unity.modules.tilemap)
    com.unity.modules.ui@1.0.0 (location: E:\IronCrown\Library\PackageCache\com.unity.modules.ui)
    com.unity.modules.uielements@1.0.0 (location: E:\IronCrown\Library\PackageCache\com.unity.modules.uielements)
    com.unity.modules.umbra@1.0.0 (location: E:\IronCrown\Library\PackageCache\com.unity.modules.umbra)
    com.unity.modules.unityanalytics@1.0.0 (location: E:\IronCrown\Library\PackageCache\com.unity.modules.unityanalytics)
    com.unity.modules.unitywebrequest@1.0.0 (location: E:\IronCrown\Library\PackageCache\com.unity.modules.unitywebrequest)
    com.unity.modules.unitywebrequestassetbundle@1.0.0 (location: E:\IronCrown\Library\PackageCache\com.unity.modules.unitywebrequestassetbundle)
    com.unity.modules.unitywebrequestaudio@1.0.0 (location: E:\IronCrown\Library\PackageCache\com.unity.modules.unitywebrequestaudio)
    com.unity.modules.unitywebrequesttexture@1.0.0 (location: E:\IronCrown\Library\PackageCache\com.unity.modules.unitywebrequesttexture)
    com.unity.modules.unitywebrequestwww@1.0.0 (location: E:\IronCrown\Library\PackageCache\com.unity.modules.unitywebrequestwww)
    com.unity.modules.vehicles@1.0.0 (location: E:\IronCrown\Library\PackageCache\com.unity.modules.vehicles)
    com.unity.modules.video@1.0.0 (location: E:\IronCrown\Library\PackageCache\com.unity.modules.video)
    com.unity.modules.vr@1.0.0 (location: E:\IronCrown\Library\PackageCache\com.unity.modules.vr)
    com.unity.modules.wind@1.0.0 (location: E:\IronCrown\Library\PackageCache\com.unity.modules.wind)
    com.unity.modules.xr@1.0.0 (location: E:\IronCrown\Library\PackageCache\com.unity.modules.xr)
    com.unity.modules.subsystems@1.0.0 (location: E:\IronCrown\Library\PackageCache\com.unity.modules.subsystems)
    com.unity.modules.hierarchycore@1.0.0 (location: E:\IronCrown\Library\PackageCache\com.unity.modules.hierarchycore)
    com.unity.ext.nunit@2.0.5 (location: E:\IronCrown\Library\PackageCache\com.unity.ext.nunit@031a54704bff)
[Subsystems] No new subsystems found in resolved package list.
[Package Manager] Done registering packages in 0.00 seconds
Folder 'Assets/Tests/EditMode/' contains multiple assembly definition files (Assets/Tests/EditMode/IronCrown.Application.Tests.asmdef)
Folder 'Assets/Tests/EditMode/' contains multiple assembly definition files (Assets/Tests/EditMode/IronCrown.Simulation.Tests.asmdef)
Folder 'Assets/Tests/EditMode/' contains multiple assembly definition files (Assets/Tests/EditMode/IronCrown.Domain.Tests.asmdef)
Folder 'Assets/Tests/EditMode/' contains multiple assembly definition files (Assets/Tests/EditMode/IronCrown.Simulation.Tests.asmdef)
Folder 'Assets/Tests/EditMode/' contains multiple assembly definition files (Assets/Tests/EditMode/IronCrown.Application.Tests.asmdef)
Folder 'Assets/Tests/EditMode/' contains multiple assembly definition files (Assets/Tests/EditMode/IronCrown.Application.Tests.asmdef)
Folder 'Assets/Tests/EditMode/' contains multiple assembly definition files (Assets/Tests/EditMode/IronCrown.Simulation.Tests.asmdef)
Folder 'Assets/Tests/EditMode/' contains multiple assembly definition files (Assets/Tests/EditMode/IronCrown.Domain.Tests.asmdef)
Folder 'Assets/Tests/EditMode/' contains multiple assembly definition files (Assets/Tests/EditMode/IronCrown.Simulation.Tests.asmdef)
Folder 'Assets/Tests/EditMode/' contains multiple assembly definition files (Assets/Tests/EditMode/IronCrown.Application.Tests.asmdef)
Filename: C:\Program Files\Unity\Hub\Editor\6000.0.76f1\Editor\Data\NetCoreRuntime\dotnet.exe
Arguments: "C:/Program Files/Unity/Hub/Editor/6000.0.76f1/Editor/Data/Tools/Compilation/ApiUpdater/AssemblyUpdater.dll" checkupdaterconfigs -a "E:/IronCrown/Library/PackageCache/com.unity.analytics@6cc66d58ac08/Unity.Analytics.Editor.dll" --timestamp 639155805769029658  -s "C:\Program Files\Unity\Hub\Editor\6000.0.76f1\Editor\Data\NetStandard\ref\2.1.0;C:\Program Files\Unity\Hub\Editor\6000.0.76f1\Editor\Data\NetStandard\compat\2.1.0\shims\netstandard;C:\Program Files\Unity\Hub\Editor\6000.0.76f1\Editor\Data\NetStandard\compat\2.1.0\shims\netfx;+E:/IronCrown/Assets;+E:\IronCrown\Library\PackageCache\com.unity.2d.sprite@0eb6ea2c7181;+E:\IronCrown\Library\PackageCache\com.unity.2d.tilemap@10400206a301;+E:\IronCrown\Library\PackageCache\com.unity.ads@e89225828059;+E:\IronCrown\Library\PackageCache\com.unity.ai.navigation@734c2c4c5591;+E:\IronCrown\Library\PackageCache\com.unity.analytics@6cc66d58ac08;+E:\IronCrown\Library\PackageCache\com.unity.collab-proxy@0b1559bcd34e;+E:\IronCrown\Library\PackageCache\com.unity.ide.rider@4504839d03f7;+E:\IronCrown\Library\PackageCache\com.unity.ide.visualstudio@dc1ddd4f09b6;+E:\IronCrown\Library\PackageCache\com.unity.multiplayer.center@f3fb577b3546;+E:\IronCrown\Library\PackageCache\com.unity.nuget.newtonsoft-json@74deb55db2a0;+E:\IronCrown\Library\PackageCache\com.unity.purchasing@039fd41c6e81;+E:\IronCrown\Library\PackageCache\com.unity.test-framework@082c24152fd4;+E:\IronCrown\Library\PackageCache\com.unity.timeline@8cd8509afae5;+E:\IronCrown\Library\PackageCache\com.unity.ugui@52420b88ab53;+E:\IronCrown\Library\PackageCache\com.unity.xr.legacyinputhelpers@b7579e86f3b4;+E:\IronCrown\Library\PackageCache\jp.hadashikick.vcontainer@bfc5fcc02036;+E:\IronCrown\Library\PackageCache\com.unity.modules.accessibility;+E:\IronCrown\Library\PackageCache\com.unity.modules.ai;+E:\IronCrown\Library\PackageCache\com.unity.modules.androidjni;+E:\IronCrown\Library\PackageCache\com.unity.modules.animation;+E:\IronCrown\Library\PackageCache\com.unity.modules.assetbundle;+E:\IronCrown\Library\PackageCache\com.unity.modules.audio;+E:\IronCrown\Library\PackageCache\com.unity.modules.cloth;+E:\IronCrown\Library\PackageCache\com.unity.modules.director;+E:\IronCrown\Library\PackageCache\com.unity.modules.imageconversion;+E:\IronCrown\Library\PackageCache\com.unity.modules.imgui;+E:\IronCrown\Library\PackageCache\com.unity.modules.jsonserialize;+E:\IronCrown\Library\PackageCache\com.unity.modules.particlesystem;+E:\IronCrown\Library\PackageCache\com.unity.modules.physics;+E:\IronCrown\Library\PackageCache\com.unity.modules.physics2d;+E:\IronCrown\Library\PackageCache\com.unity.modules.screencapture;+E:\IronCrown\Library\PackageCache\com.unity.modules.terrain;+E:\IronCrown\Library\PackageCache\com.unity.modules.terrainphysics;+E:\IronCrown\Library\PackageCache\com.unity.modules.tilemap;+E:\IronCrown\Library\PackageCache\com.unity.modules.ui;+E:\IronCrown\Library\PackageCache\com.unity.modules.uielements;+E:\IronCrown\Library\PackageCache\com.unity.modules.umbra;+E:\IronCrown\Library\PackageCache\com.unity.modules.unityanalytics;+E:\IronCrown\Library\PackageCache\com.unity.modules.unitywebrequest;+E:\IronCrown\Library\PackageCache\com.unity.modules.unitywebrequestassetbundle;+E:\IronCrown\Library\PackageCache\com.unity.modules.unitywebrequestaudio;+E:\IronCrown\Library\PackageCache\com.unity.modules.unitywebrequesttexture;+E:\IronCrown\Library\PackageCache\com.unity.modules.unitywebrequestwww;+E:\IronCrown\Library\PackageCache\com.unity.modules.vehicles;+E:\IronCrown\Library\PackageCache\com.unity.modules.video;+E:\IronCrown\Library\PackageCache\com.unity.modules.vr;+E:\IronCrown\Library\PackageCache\com.unity.modules.wind;+E:\IronCrown\Library\PackageCache\com.unity.modules.xr;+E:\IronCrown\Library\PackageCache\com.unity.modules.subsystems;+E:\IronCrown\Library\PackageCache\com.unity.modules.hierarchycore;+E:\IronCrown\Library\PackageCache\com.unity.ext.nunit@031a54704bff;+E:\IronCrown\Library\PackageCache\com.unity.services.core@8ba50f624741;+E:\IronCrown\Library\PackageCache\com.unity.services.analytics@cde4e6cf92f9"
Filename: C:\Program Files\Unity\Hub\Editor\6000.0.76f1\Editor\Data\NetCoreRuntime\dotnet.exe
Arguments: "C:/Program Files/Unity/Hub/Editor/6000.0.76f1/Editor/Data/Tools/Compilation/ApiUpdater/AssemblyUpdater.dll" checkupdaterconfigs -a "E:/IronCrown/Library/PackageCache/com.unity.analytics@6cc66d58ac08/AnalyticsStandardEvents/Unity.Analytics.StandardEvents.dll" --timestamp 639155805766113787  -s "C:\Program Files\Unity\Hub\Editor\6000.0.76f1\Editor\Data\NetStandard\ref\2.1.0;C:\Program Files\Unity\Hub\Editor\6000.0.76f1\Editor\Data\NetStandard\compat\2.1.0\shims\netstandard;C:\Program Files\Unity\Hub\Editor\6000.0.76f1\Editor\Data\NetStandard\compat\2.1.0\shims\netfx;+E:/IronCrown/Assets;+E:\IronCrown\Library\PackageCache\com.unity.2d.sprite@0eb6ea2c7181;+E:\IronCrown\Library\PackageCache\com.unity.2d.tilemap@10400206a301;+E:\IronCrown\Library\PackageCache\com.unity.ads@e89225828059;+E:\IronCrown\Library\PackageCache\com.unity.ai.navigation@734c2c4c5591;+E:\IronCrown\Library\PackageCache\com.unity.analytics@6cc66d58ac08;+E:\IronCrown\Library\PackageCache\com.unity.collab-proxy@0b1559bcd34e;+E:\IronCrown\Library\PackageCache\com.unity.ide.rider@4504839d03f7;+E:\IronCrown\Library\PackageCache\com.unity.ide.visualstudio@dc1ddd4f09b6;+E:\IronCrown\Library\PackageCache\com.unity.multiplayer.center@f3fb577b3546;+E:\IronCrown\Library\PackageCache\com.unity.nuget.newtonsoft-json@74deb55db2a0;+E:\IronCrown\Library\PackageCache\com.unity.purchasing@039fd41c6e81;+E:\IronCrown\Library\PackageCache\com.unity.test-framework@082c24152fd4;+E:\IronCrown\Library\PackageCache\com.unity.timeline@8cd8509afae5;+E:\IronCrown\Library\PackageCache\com.unity.ugui@52420b88ab53;+E:\IronCrown\Library\PackageCache\com.unity.xr.legacyinputhelpers@b7579e86f3b4;+E:\IronCrown\Library\PackageCache\jp.hadashikick.vcontainer@bfc5fcc02036;+E:\IronCrown\Library\PackageCache\com.unity.modules.accessibility;+E:\IronCrown\Library\PackageCache\com.unity.modules.ai;+E:\IronCrown\Library\PackageCache\com.unity.modules.androidjni;+E:\IronCrown\Library\PackageCache\com.unity.modules.animation;+E:\IronCrown\Library\PackageCache\com.unity.modules.assetbundle;+E:\IronCrown\Library\PackageCache\com.unity.modules.audio;+E:\IronCrown\Library\PackageCache\com.unity.modules.cloth;+E:\IronCrown\Library\PackageCache\com.unity.modules.director;+E:\IronCrown\Library\PackageCache\com.unity.modules.imageconversion;+E:\IronCrown\Library\PackageCache\com.unity.modules.imgui;+E:\IronCrown\Library\PackageCache\com.unity.modules.jsonserialize;+E:\IronCrown\Library\PackageCache\com.unity.modules.particlesystem;+E:\IronCrown\Library\PackageCache\com.unity.modules.physics;+E:\IronCrown\Library\PackageCache\com.unity.modules.physics2d;+E:\IronCrown\Library\PackageCache\com.unity.modules.screencapture;+E:\IronCrown\Library\PackageCache\com.unity.modules.terrain;+E:\IronCrown\Library\PackageCache\com.unity.modules.terrainphysics;+E:\IronCrown\Library\PackageCache\com.unity.modules.tilemap;+E:\IronCrown\Library\PackageCache\com.unity.modules.ui;+E:\IronCrown\Library\PackageCache\com.unity.modules.uielements;+E:\IronCrown\Library\PackageCache\com.unity.modules.umbra;+E:\IronCrown\Library\PackageCache\com.unity.modules.unityanalytics;+E:\IronCrown\Library\PackageCache\com.unity.modules.unitywebrequest;+E:\IronCrown\Library\PackageCache\com.unity.modules.unitywebrequestassetbundle;+E:\IronCrown\Library\PackageCache\com.unity.modules.unitywebrequestaudio;+E:\IronCrown\Library\PackageCache\com.unity.modules.unitywebrequesttexture;+E:\IronCrown\Library\PackageCache\com.unity.modules.unitywebrequestwww;+E:\IronCrown\Library\PackageCache\com.unity.modules.vehicles;+E:\IronCrown\Library\PackageCache\com.unity.modules.video;+E:\IronCrown\Library\PackageCache\com.unity.modules.vr;+E:\IronCrown\Library\PackageCache\com.unity.modules.wind;+E:\IronCrown\Library\PackageCache\com.unity.modules.xr;+E:\IronCrown\Library\PackageCache\com.unity.modules.subsystems;+E:\IronCrown\Library\PackageCache\com.unity.modules.hierarchycore;+E:\IronCrown\Library\PackageCache\com.unity.ext.nunit@031a54704bff;+E:\IronCrown\Library\PackageCache\com.unity.services.core@8ba50f624741;+E:\IronCrown\Library\PackageCache\com.unity.services.analytics@cde4e6cf92f9"
Filename: C:\Program Files\Unity\Hub\Editor\6000.0.76f1\Editor\Data\NetCoreRuntime\dotnet.exe
Arguments: "C:/Program Files/Unity/Hub/Editor/6000.0.76f1/Editor/Data/Tools/Compilation/ApiUpdater/AssemblyUpdater.dll" checkupdaterconfigs -a "E:/IronCrown/Library/PackageCache/com.unity.analytics@6cc66d58ac08/Unity.Analytics.Tracker.dll" --timestamp 639155805767866966  -s "C:\Program Files\Unity\Hub\Editor\6000.0.76f1\Editor\Data\NetStandard\ref\2.1.0;C:\Program Files\Unity\Hub\Editor\6000.0.76f1\Editor\Data\NetStandard\compat\2.1.0\shims\netstandard;C:\Program Files\Unity\Hub\Editor\6000.0.76f1\Editor\Data\NetStandard\compat\2.1.0\shims\netfx;+E:/IronCrown/Assets;+E:\IronCrown\Library\PackageCache\com.unity.2d.sprite@0eb6ea2c7181;+E:\IronCrown\Library\PackageCache\com.unity.2d.tilemap@10400206a301;+E:\IronCrown\Library\PackageCache\com.unity.ads@e89225828059;+E:\IronCrown\Library\PackageCache\com.unity.ai.navigation@734c2c4c5591;+E:\IronCrown\Library\PackageCache\com.unity.analytics@6cc66d58ac08;+E:\IronCrown\Library\PackageCache\com.unity.collab-proxy@0b1559bcd34e;+E:\IronCrown\Library\PackageCache\com.unity.ide.rider@4504839d03f7;+E:\IronCrown\Library\PackageCache\com.unity.ide.visualstudio@dc1ddd4f09b6;+E:\IronCrown\Library\PackageCache\com.unity.multiplayer.center@f3fb577b3546;+E:\IronCrown\Library\PackageCache\com.unity.nuget.newtonsoft-json@74deb55db2a0;+E:\IronCrown\Library\PackageCache\com.unity.purchasing@039fd41c6e81;+E:\IronCrown\Library\PackageCache\com.unity.test-framework@082c24152fd4;+E:\IronCrown\Library\PackageCache\com.unity.timeline@8cd8509afae5;+E:\IronCrown\Library\PackageCache\com.unity.ugui@52420b88ab53;+E:\IronCrown\Library\PackageCache\com.unity.xr.legacyinputhelpers@b7579e86f3b4;+E:\IronCrown\Library\PackageCache\jp.hadashikick.vcontainer@bfc5fcc02036;+E:\IronCrown\Library\PackageCache\com.unity.modules.accessibility;+E:\IronCrown\Library\PackageCache\com.unity.modules.ai;+E:\IronCrown\Library\PackageCache\com.unity.modules.androidjni;+E:\IronCrown\Library\PackageCache\com.unity.modules.animation;+E:\IronCrown\Library\PackageCache\com.unity.modules.assetbundle;+E:\IronCrown\Library\PackageCache\com.unity.modules.audio;+E:\IronCrown\Library\PackageCache\com.unity.modules.cloth;+E:\IronCrown\Library\PackageCache\com.unity.modules.director;+E:\IronCrown\Library\PackageCache\com.unity.modules.imageconversion;+E:\IronCrown\Library\PackageCache\com.unity.modules.imgui;+E:\IronCrown\Library\PackageCache\com.unity.modules.jsonserialize;+E:\IronCrown\Library\PackageCache\com.unity.modules.particlesystem;+E:\IronCrown\Library\PackageCache\com.unity.modules.physics;+E:\IronCrown\Library\PackageCache\com.unity.modules.physics2d;+E:\IronCrown\Library\PackageCache\com.unity.modules.screencapture;+E:\IronCrown\Library\PackageCache\com.unity.modules.terrain;+E:\IronCrown\Library\PackageCache\com.unity.modules.terrainphysics;+E:\IronCrown\Library\PackageCache\com.unity.modules.tilemap;+E:\IronCrown\Library\PackageCache\com.unity.modules.ui;+E:\IronCrown\Library\PackageCache\com.unity.modules.uielements;+E:\IronCrown\Library\PackageCache\com.unity.modules.umbra;+E:\IronCrown\Library\PackageCache\com.unity.modules.unityanalytics;+E:\IronCrown\Library\PackageCache\com.unity.modules.unitywebrequest;+E:\IronCrown\Library\PackageCache\com.unity.modules.unitywebrequestassetbundle;+E:\IronCrown\Library\PackageCache\com.unity.modules.unitywebrequestaudio;+E:\IronCrown\Library\PackageCache\com.unity.modules.unitywebrequesttexture;+E:\IronCrown\Library\PackageCache\com.unity.modules.unitywebrequestwww;+E:\IronCrown\Library\PackageCache\com.unity.modules.vehicles;+E:\IronCrown\Library\PackageCache\com.unity.modules.video;+E:\IronCrown\Library\PackageCache\com.unity.modules.vr;+E:\IronCrown\Library\PackageCache\com.unity.modules.wind;+E:\IronCrown\Library\PackageCache\com.unity.modules.xr;+E:\IronCrown\Library\PackageCache\com.unity.modules.subsystems;+E:\IronCrown\Library\PackageCache\com.unity.modules.hierarchycore;+E:\IronCrown\Library\PackageCache\com.unity.ext.nunit@031a54704bff;+E:\IronCrown\Library\PackageCache\com.unity.services.core@8ba50f624741;+E:\IronCrown\Library\PackageCache\com.unity.services.analytics@cde4e6cf92f9"
[API Updater] Processing imported assemblies took 592 ms (3/3 assembly(ies)).
Filename: C:\Program Files\Unity\Hub\Editor\6000.0.76f1\Editor\Data\NetCoreRuntime\dotnet.exe
Arguments: "C:/Program Files/Unity/Hub/Editor/6000.0.76f1/Editor/Data/Tools/Compilation/ApiUpdater/AssemblyUpdater.dll" update -a "E:/IronCrown/Library/PackageCache/com.unity.analytics@6cc66d58ac08/AnalyticsStandardEvents/Unity.Analytics.StandardEvents.dll" --output "C:/Users/ADMINI~1/AppData/Local/Temp/tmp1531aa27.tmp" --api-version 6000.0.76f1  -s "C:\Program Files\Unity\Hub\Editor\6000.0.76f1\Editor\Data\NetStandard\ref\2.1.0;C:\Program Files\Unity\Hub\Editor\6000.0.76f1\Editor\Data\NetStandard\compat\2.1.0\shims\netstandard;C:\Program Files\Unity\Hub\Editor\6000.0.76f1\Editor\Data\NetStandard\compat\2.1.0\shims\netfx;+E:/IronCrown/Assets;+E:\IronCrown\Library\PackageCache\com.unity.2d.sprite@0eb6ea2c7181;+E:\IronCrown\Library\PackageCache\com.unity.2d.tilemap@10400206a301;+E:\IronCrown\Library\PackageCache\com.unity.ads@e89225828059;+E:\IronCrown\Library\PackageCache\com.unity.ai.navigation@734c2c4c5591;+E:\IronCrown\Library\PackageCache\com.unity.analytics@6cc66d58ac08;+E:\IronCrown\Library\PackageCache\com.unity.collab-proxy@0b1559bcd34e;+E:\IronCrown\Library\PackageCache\com.unity.ide.rider@4504839d03f7;+E:\IronCrown\Library\PackageCache\com.unity.ide.visualstudio@dc1ddd4f09b6;+E:\IronCrown\Library\PackageCache\com.unity.multiplayer.center@f3fb577b3546;+E:\IronCrown\Library\PackageCache\com.unity.nuget.newtonsoft-json@74deb55db2a0;+E:\IronCrown\Library\PackageCache\com.unity.purchasing@039fd41c6e81;+E:\IronCrown\Library\PackageCache\com.unity.test-framework@082c24152fd4;+E:\IronCrown\Library\PackageCache\com.unity.timeline@8cd8509afae5;+E:\IronCrown\Library\PackageCache\com.unity.ugui@52420b88ab53;+E:\IronCrown\Library\PackageCache\com.unity.xr.legacyinputhelpers@b7579e86f3b4;+E:\IronCrown\Library\PackageCache\jp.hadashikick.vcontainer@bfc5fcc02036;+E:\IronCrown\Library\PackageCache\com.unity.modules.accessibility;+E:\IronCrown\Library\PackageCache\com.unity.modules.ai;+E:\IronCrown\Library\PackageCache\com.unity.modules.androidjni;+E:\IronCrown\Library\PackageCache\com.unity.modules.animation;+E:\IronCrown\Library\PackageCache\com.unity.modules.assetbundle;+E:\IronCrown\Library\PackageCache\com.unity.modules.audio;+E:\IronCrown\Library\PackageCache\com.unity.modules.cloth;+E:\IronCrown\Library\PackageCache\com.unity.modules.director;+E:\IronCrown\Library\PackageCache\com.unity.modules.imageconversion;+E:\IronCrown\Library\PackageCache\com.unity.modules.imgui;+E:\IronCrown\Library\PackageCache\com.unity.modules.jsonserialize;+E:\IronCrown\Library\PackageCache\com.unity.modules.particlesystem;+E:\IronCrown\Library\PackageCache\com.unity.modules.physics;+E:\IronCrown\Library\PackageCache\com.unity.modules.physics2d;+E:\IronCrown\Library\PackageCache\com.unity.modules.screencapture;+E:\IronCrown\Library\PackageCache\com.unity.modules.terrain;+E:\IronCrown\Library\PackageCache\com.unity.modules.terrainphysics;+E:\IronCrown\Library\PackageCache\com.unity.modules.tilemap;+E:\IronCrown\Library\PackageCache\com.unity.modules.ui;+E:\IronCrown\Library\PackageCache\com.unity.modules.uielements;+E:\IronCrown\Library\PackageCache\com.unity.modules.umbra;+E:\IronCrown\Library\PackageCache\com.unity.modules.unityanalytics;+E:\IronCrown\Library\PackageCache\com.unity.modules.unitywebrequest;+E:\IronCrown\Library\PackageCache\com.unity.modules.unitywebrequestassetbundle;+E:\IronCrown\Library\PackageCache\com.unity.modules.unitywebrequestaudio;+E:\IronCrown\Library\PackageCache\com.unity.modules.unitywebrequesttexture;+E:\IronCrown\Library\PackageCache\com.unity.modules.unitywebrequestwww;+E:\IronCrown\Library\PackageCache\com.unity.modules.vehicles;+E:\IronCrown\Library\PackageCache\com.unity.modules.video;+E:\IronCrown\Library\PackageCache\com.unity.modules.vr;+E:\IronCrown\Library\PackageCache\com.unity.modules.wind;+E:\IronCrown\Library\PackageCache\com.unity.modules.xr;+E:\IronCrown\Library\PackageCache\com.unity.modules.subsystems;+E:\IronCrown\Library\PackageCache\com.unity.modules.hierarchycore;+E:\IronCrown\Library\PackageCache\com.unity.ext.nunit@031a54704bff;+E:\IronCrown\Library\PackageCache\com.unity.services.core@8ba50f624741;+E:\IronCrown\Library\PackageCache\com.unity.services.analytics@cde4e6cf92f9;+C:\Program Files\Unity\Hub\Editor\6000.0.76f1\Editor\Data\Managed" "C:/Program Files/Unity/Hub/Editor/6000.0.76f1/Editor/Data/Managed/UnityEngine.dll"
Filename: C:\Program Files\Unity\Hub\Editor\6000.0.76f1\Editor\Data\NetCoreRuntime\dotnet.exe
Arguments: "C:/Program Files/Unity/Hub/Editor/6000.0.76f1/Editor/Data/Tools/Compilation/ApiUpdater/AssemblyUpdater.dll" update -a "E:/IronCrown/Library/PackageCache/com.unity.analytics@6cc66d58ac08/Unity.Analytics.Tracker.dll" --output "C:/Users/ADMINI~1/AppData/Local/Temp/tmpaf55ab1.tmp" --api-version 6000.0.76f1  -s "C:\Program Files\Unity\Hub\Editor\6000.0.76f1\Editor\Data\NetStandard\ref\2.1.0;C:\Program Files\Unity\Hub\Editor\6000.0.76f1\Editor\Data\NetStandard\compat\2.1.0\shims\netstandard;C:\Program Files\Unity\Hub\Editor\6000.0.76f1\Editor\Data\NetStandard\compat\2.1.0\shims\netfx;+E:/IronCrown/Assets;+E:\IronCrown\Library\PackageCache\com.unity.2d.sprite@0eb6ea2c7181;+E:\IronCrown\Library\PackageCache\com.unity.2d.tilemap@10400206a301;+E:\IronCrown\Library\PackageCache\com.unity.ads@e89225828059;+E:\IronCrown\Library\PackageCache\com.unity.ai.navigation@734c2c4c5591;+E:\IronCrown\Library\PackageCache\com.unity.analytics@6cc66d58ac08;+E:\IronCrown\Library\PackageCache\com.unity.collab-proxy@0b1559bcd34e;+E:\IronCrown\Library\PackageCache\com.unity.ide.rider@4504839d03f7;+E:\IronCrown\Library\PackageCache\com.unity.ide.visualstudio@dc1ddd4f09b6;+E:\IronCrown\Library\PackageCache\com.unity.multiplayer.center@f3fb577b3546;+E:\IronCrown\Library\PackageCache\com.unity.nuget.newtonsoft-json@74deb55db2a0;+E:\IronCrown\Library\PackageCache\com.unity.purchasing@039fd41c6e81;+E:\IronCrown\Library\PackageCache\com.unity.test-framework@082c24152fd4;+E:\IronCrown\Library\PackageCache\com.unity.timeline@8cd8509afae5;+E:\IronCrown\Library\PackageCache\com.unity.ugui@52420b88ab53;+E:\IronCrown\Library\PackageCache\com.unity.xr.legacyinputhelpers@b7579e86f3b4;+E:\IronCrown\Library\PackageCache\jp.hadashikick.vcontainer@bfc5fcc02036;+E:\IronCrown\Library\PackageCache\com.unity.modules.accessibility;+E:\IronCrown\Library\PackageCache\com.unity.modules.ai;+E:\IronCrown\Library\PackageCache\com.unity.modules.androidjni;+E:\IronCrown\Library\PackageCache\com.unity.modules.animation;+E:\IronCrown\Library\PackageCache\com.unity.modules.assetbundle;+E:\IronCrown\Library\PackageCache\com.unity.modules.audio;+E:\IronCrown\Library\PackageCache\com.unity.modules.cloth;+E:\IronCrown\Library\PackageCache\com.unity.modules.director;+E:\IronCrown\Library\PackageCache\com.unity.modules.imageconversion;+E:\IronCrown\Library\PackageCache\com.unity.modules.imgui;+E:\IronCrown\Library\PackageCache\com.unity.modules.jsonserialize;+E:\IronCrown\Library\PackageCache\com.unity.modules.particlesystem;+E:\IronCrown\Library\PackageCache\com.unity.modules.physics;+E:\IronCrown\Library\PackageCache\com.unity.modules.physics2d;+E:\IronCrown\Library\PackageCache\com.unity.modules.screencapture;+E:\IronCrown\Library\PackageCache\com.unity.modules.terrain;+E:\IronCrown\Library\PackageCache\com.unity.modules.terrainphysics;+E:\IronCrown\Library\PackageCache\com.unity.modules.tilemap;+E:\IronCrown\Library\PackageCache\com.unity.modules.ui;+E:\IronCrown\Library\PackageCache\com.unity.modules.uielements;+E:\IronCrown\Library\PackageCache\com.unity.modules.umbra;+E:\IronCrown\Library\PackageCache\com.unity.modules.unityanalytics;+E:\IronCrown\Library\PackageCache\com.unity.modules.unitywebrequest;+E:\IronCrown\Library\PackageCache\com.unity.modules.unitywebrequestassetbundle;+E:\IronCrown\Library\PackageCache\com.unity.modules.unitywebrequestaudio;+E:\IronCrown\Library\PackageCache\com.unity.modules.unitywebrequesttexture;+E:\IronCrown\Library\PackageCache\com.unity.modules.unitywebrequestwww;+E:\IronCrown\Library\PackageCache\com.unity.modules.vehicles;+E:\IronCrown\Library\PackageCache\com.unity.modules.video;+E:\IronCrown\Library\PackageCache\com.unity.modules.vr;+E:\IronCrown\Library\PackageCache\com.unity.modules.wind;+E:\IronCrown\Library\PackageCache\com.unity.modules.xr;+E:\IronCrown\Library\PackageCache\com.unity.modules.subsystems;+E:\IronCrown\Library\PackageCache\com.unity.modules.hierarchycore;+E:\IronCrown\Library\PackageCache\com.unity.ext.nunit@031a54704bff;+E:\IronCrown\Library\PackageCache\com.unity.services.core@8ba50f624741;+E:\IronCrown\Library\PackageCache\com.unity.services.analytics@cde4e6cf92f9;+C:\Program Files\Unity\Hub\Editor\6000.0.76f1\Editor\Data\Managed" "C:/Program Files/Unity/Hub/Editor/6000.0.76f1/Editor/Data/Managed/UnityEngine.dll"
Filename: C:\Program Files\Unity\Hub\Editor\6000.0.76f1\Editor\Data\NetCoreRuntime\dotnet.exe
Arguments: "C:/Program Files/Unity/Hub/Editor/6000.0.76f1/Editor/Data/Tools/Compilation/ApiUpdater/AssemblyUpdater.dll" update -a "E:/IronCrown/Library/PackageCache/com.unity.analytics@6cc66d58ac08/Unity.Analytics.Editor.dll" --output "C:/Users/ADMINI~1/AppData/Local/Temp/tmp56ac6910.tmp" --api-version 6000.0.76f1  -s "C:\Program Files\Unity\Hub\Editor\6000.0.76f1\Editor\Data\NetStandard\ref\2.1.0;C:\Program Files\Unity\Hub\Editor\6000.0.76f1\Editor\Data\NetStandard\compat\2.1.0\shims\netstandard;C:\Program Files\Unity\Hub\Editor\6000.0.76f1\Editor\Data\NetStandard\compat\2.1.0\shims\netfx;+E:/IronCrown/Assets;+E:\IronCrown\Library\PackageCache\com.unity.2d.sprite@0eb6ea2c7181;+E:\IronCrown\Library\PackageCache\com.unity.2d.tilemap@10400206a301;+E:\IronCrown\Library\PackageCache\com.unity.ads@e89225828059;+E:\IronCrown\Library\PackageCache\com.unity.ai.navigation@734c2c4c5591;+E:\IronCrown\Library\PackageCache\com.unity.analytics@6cc66d58ac08;+E:\IronCrown\Library\PackageCache\com.unity.collab-proxy@0b1559bcd34e;+E:\IronCrown\Library\PackageCache\com.unity.ide.rider@4504839d03f7;+E:\IronCrown\Library\PackageCache\com.unity.ide.visualstudio@dc1ddd4f09b6;+E:\IronCrown\Library\PackageCache\com.unity.multiplayer.center@f3fb577b3546;+E:\IronCrown\Library\PackageCache\com.unity.nuget.newtonsoft-json@74deb55db2a0;+E:\IronCrown\Library\PackageCache\com.unity.purchasing@039fd41c6e81;+E:\IronCrown\Library\PackageCache\com.unity.test-framework@082c24152fd4;+E:\IronCrown\Library\PackageCache\com.unity.timeline@8cd8509afae5;+E:\IronCrown\Library\PackageCache\com.unity.ugui@52420b88ab53;+E:\IronCrown\Library\PackageCache\com.unity.xr.legacyinputhelpers@b7579e86f3b4;+E:\IronCrown\Library\PackageCache\jp.hadashikick.vcontainer@bfc5fcc02036;+E:\IronCrown\Library\PackageCache\com.unity.modules.accessibility;+E:\IronCrown\Library\PackageCache\com.unity.modules.ai;+E:\IronCrown\Library\PackageCache\com.unity.modules.androidjni;+E:\IronCrown\Library\PackageCache\com.unity.modules.animation;+E:\IronCrown\Library\PackageCache\com.unity.modules.assetbundle;+E:\IronCrown\Library\PackageCache\com.unity.modules.audio;+E:\IronCrown\Library\PackageCache\com.unity.modules.cloth;+E:\IronCrown\Library\PackageCache\com.unity.modules.director;+E:\IronCrown\Library\PackageCache\com.unity.modules.imageconversion;+E:\IronCrown\Library\PackageCache\com.unity.modules.imgui;+E:\IronCrown\Library\PackageCache\com.unity.modules.jsonserialize;+E:\IronCrown\Library\PackageCache\com.unity.modules.particlesystem;+E:\IronCrown\Library\PackageCache\com.unity.modules.physics;+E:\IronCrown\Library\PackageCache\com.unity.modules.physics2d;+E:\IronCrown\Library\PackageCache\com.unity.modules.screencapture;+E:\IronCrown\Library\PackageCache\com.unity.modules.terrain;+E:\IronCrown\Library\PackageCache\com.unity.modules.terrainphysics;+E:\IronCrown\Library\PackageCache\com.unity.modules.tilemap;+E:\IronCrown\Library\PackageCache\com.unity.modules.ui;+E:\IronCrown\Library\PackageCache\com.unity.modules.uielements;+E:\IronCrown\Library\PackageCache\com.unity.modules.umbra;+E:\IronCrown\Library\PackageCache\com.unity.modules.unityanalytics;+E:\IronCrown\Library\PackageCache\com.unity.modules.unitywebrequest;+E:\IronCrown\Library\PackageCache\com.unity.modules.unitywebrequestassetbundle;+E:\IronCrown\Library\PackageCache\com.unity.modules.unitywebrequestaudio;+E:\IronCrown\Library\PackageCache\com.unity.modules.unitywebrequesttexture;+E:\IronCrown\Library\PackageCache\com.unity.modules.unitywebrequestwww;+E:\IronCrown\Library\PackageCache\com.unity.modules.vehicles;+E:\IronCrown\Library\PackageCache\com.unity.modules.video;+E:\IronCrown\Library\PackageCache\com.unity.modules.vr;+E:\IronCrown\Library\PackageCache\com.unity.modules.wind;+E:\IronCrown\Library\PackageCache\com.unity.modules.xr;+E:\IronCrown\Library\PackageCache\com.unity.modules.subsystems;+E:\IronCrown\Library\PackageCache\com.unity.modules.hierarchycore;+E:\IronCrown\Library\PackageCache\com.unity.ext.nunit@031a54704bff;+E:\IronCrown\Library\PackageCache\com.unity.services.core@8ba50f624741;+E:\IronCrown\Library\PackageCache\com.unity.services.analytics@cde4e6cf92f9;+C:\Program Files\Unity\Hub\Editor\6000.0.76f1\Editor\Data\Managed" "C:/Program Files/Unity/Hub/Editor/6000.0.76f1/Editor/Data/Managed/UnityEngine.dll" "C:/Program Files/Unity/Hub/Editor/6000.0.76f1/Editor/Data/Managed/UnityEditor.dll"
[API Updater] Assemblies not requiring updates:
[API Updater] Packages/com.unity.analytics/AnalyticsStandardEvents/Unity.Analytics.StandardEvents.dll
[API Updater] Packages/com.unity.analytics/Unity.Analytics.Tracker.dll
[API Updater] Packages/com.unity.analytics/Unity.Analytics.Editor.dll
[API Updater] Update finished with success in 1205 ms (0/3 assembly(ies) updated).
Assembly Updater Post Process Assets time: 1.800593s
[ScriptCompilation] Requested script compilation because: Assembly Definition File(s) changed
[ScriptCompilation] Requested script compilation because: Assetdatabase observed changes in script compilation related files
AssetDatabase: script compilation time: 0.055712s
Scripts have compiler errors.
Exiting without the bug reporter. Application will terminate with return code 1